<?xml version="1.0" encoding="UTF-8"?>
<!-- Generated by org.testng.reporters.JUnitReportReporter -->
<testsuite hostname="LAPTOP-04OCD766" failures="0" tests="1" name="framework.assessment.Test1" time="0.000" errors="0" timestamp="2022-04-19T00:06:54 GMT-07:00" skipped="1">
  <testcase classname="framework.assessment.Test1" name="loginTest" time="0.000">
    <skipped/>
  </testcase> <!-- loginTest -->
  <system-out/>
</testsuite> <!-- framework.assessment.Test1 -->
