<?xml version="1.0" encoding="UTF-8"?>
<!-- Generated by org.testng.reporters.JUnitReportReporter -->
<testsuite hostname="LAPTOP-04OCD766" failures="0" tests="1" name="Test_layer.Testclasss" time="100.321" errors="0" timestamp="2022-04-21T23:54:47 GMT-07:00" skipped="0">
  <testcase classname="Test_layer.Testclasss" name="Testclasss" time="100.321"/>
  <system-out/>
</testsuite> <!-- Test_layer.Testclasss -->
